<?xml version="1.0" encoding="UTF-8"?>
<testsuite name="igorders.TestFileUploadJunit" time="0.014" tests="1" errors="1" skipped="0" failures="0">
  <properties>
[...]
</properties>
  <testcase name="testFileUpload" classname="igorders.TestFileUploadJunit" time="0.014">
    <error type="java.lang.NullPointerException:">java.lang.NullPointerException: null
	at org.apache.commons.io.IOUtils.copyLarge(IOUtils.java:2314)
	at org.apache.commons.io.IOUtils.copy(IOUtils.java:2270)
	at org.apache.commons.io.IOUtils.copyLarge(IOUtils.java:2291)
	at org.apache.commons.io.IOUtils.copy(IOUtils.java:2246)
	at org.apache.commons.io.IOUtils.toByteArray(IOUtils.java:765)
	at igorders.TestFileUploadJunit.convertToMultiPartFIle(TestFileUploadJunit.java:64)
	at igorders.TestFileUploadJunit.testFileUpload(TestFileUploadJunit.java:46)
</error>
  </testcase>
</testsuite>